
ROM used:   1762/32768 (5%)
            1762/32768 (5%) including unused fragments

            1.3 Average locations per line
            12.4 Average locations per statement

RAM used:   18/1536 (1%) at main() level
            44/1536 (3%) worst case

Stack used: 5 worst case (5 in main + 0 for interrupts)
Stack size: 31

Lines Stmts  %   Files
----- ----- ---  -----
  132    42  30  CCS Lab Power Supply.c
  782     0   0  C:\Program Files\PICC 5.051\devices\18F2520.h
  456   100  70  C:\Program Files\PICC 5.051\drivers\lcd.c
----- -----
 1370   142 Total

Page ROM  %  RAM    Vol Diff  Functions:
---- --- --- ---    --- ----  ----------
0     38   1    1             @delay_ms1
0     74   2    3    760  4.5  lcd_read_byte
0     82   2    2    262  3.7  lcd_read_nibble
0     64   2    1    399  2.4  lcd_send_nibble
0     70   2    3    415  3.7  lcd_send_byte
0    124   4    6    852  6.2  lcd_init
0     34   1    4    208  6.3  lcd_gotoxy
0     80   2    1    354  4.7  lcd_putc
0    160   5    2    202  2.1  MAIN
0     12   0    0             @const660
0     34   1    2             @PSTRINGC_637
0     10   0    0             @const665
0     32   1    3             @PSTRINGCN_637
0    142   4   13             @DIV3232
0    196   6   13             @PRINTF_L32U_637FP
0     58   2    1    100  1.3  chip_init
0     54   2    2    108  2.9  adc_read_v1
0     54   2    2    108  2.9  adc_read_v2
0     54   2    2    108  2.9  adc_read_i
0    142   4   10    113  3.8  take_current
0     84   2   14             @MUL3232
0    160   5   10    117  3.7  take_voltage
 Inline         0             @cinit1

Program metrics:
    Functions               14
    Statements              142
    Comments                249
    Volume (V)              6865
    Difficulty (D)          50.3
    Effort to implement (E) 344988
    Time to implement (T)   5 hours, 19 minutes
    Est Delivered Bugs (B)  2
    Cyclomatic Complexity   8
    Maintainability (MI)    114

 Segment     Used  Free
-----------  ----  ----
00000-00002     4  0  
00004-07FFE  1758  31006  



