
ROM used:   33342/65536 (51%)
            33342/65536 (51%) including unused fragments

            1.2 Average locations per line
            9.1 Average locations per statement

RAM used:   580/3968 (15%) at main() level
            748/3968 (19%) worst case

Stack used: 11 worst case (9 in main + 2 for interrupts)
Stack size: 31

Lines Stmts  %   Files
----- ----- ---  -----
  183    67   2  ex13.c
 1006    40   1  C:\Program Files\PICC\drivers\ccstcpip.h
  839     0   0  C:\Program Files\PICC\devices\18F4620.h
   96    17   0  C:\Program Files\PICC\drivers\tcpip\p18cxxx.h
  768     0   0  C:\Program Files\PICC\drivers\tcpip\PIC18F4620_registers.h
  456   115   3  C:\Program Files\PICC\drivers\lcd.c
  142    67   2  C:\Program Files\PICC\drivers\AT25256.C
  163    10   0  C:\Program Files\PICC\drivers\stdint.h
  179    10   0  C:\Program Files\PICC\drivers\tcpip\StackTsk2.h
  434    17   0  C:\Program Files\PICC\drivers\tcpip\TCPIP Stack\TCPIP.h
  423    10   0  C:\Program Files\PICC\drivers\string.h
   32    10   0  C:\Program Files\PICC\drivers\stddef.h
   28    10   0  C:\Program Files\PICC\drivers\ctype.h
 1351    10   0  C:\Program Files\PICC\drivers\stdlib.h
  552    10   0  C:\Program Files\PICC\drivers\GenericTypeDefs.h
  210    10   0  C:\Program Files\PICC\drivers\Compiler.h
   96    10   0  C:\Program Files\PICC\drivers\p18cxxx.h
   37    10   0  C:\Program Files\PICC\drivers\stdio.h
   42    12   0  C:\Program Files\PICC\drivers\HardwareProfile.h
  475    10   0  C:\Program Files\PICC\drivers\TCPIPConfig.h
  152    10   0  C:\Program Files\PICC\drivers\TCPIP Stack\StackTsk.h
  141    10   0  C:\Program Files\PICC\drivers\tcpip\TCPIP Stack\Helpers.h
   94    10   0  C:\Program Files\PICC\drivers\TCPIP Stack\Delay.h
   88    10   0  C:\Program Files\PICC\drivers\tcpip\TCPIP Stack\Tick.h
  330    10   0  C:\Program Files\PICC\drivers\tcpip\TCPIP Stack\MAC.h
   42    10   0  C:\Program Files\PICC\drivers\tcpip\TCPIP Stack\HardwareProfile.h
  745    10   0  C:\Program Files\PICC\drivers\tcpip\TCPIP Stack\ENC28J60.h
  552    10   0  C:\Program Files\PICC\drivers\tcpip\TCPIP Stack\GenericTypeDefs.h
  256    10   0  C:\Program Files\PICC\drivers\tcpip\TCPIP Stack\IP.h
  112    10   0  C:\Program Files\PICC\drivers\tcpip\TCPIP Stack\ARP.h
  104    10   0  C:\Program Files\PICC\drivers\tcpip\TCPIP Stack\XEEPROM.h
   98    10   0  C:\Program Files\PICC\drivers\tcpip\TCPIP Stack\SPIFlash.h
   97    10   0  C:\Program Files\PICC\drivers\tcpip\TCPIP Stack\SPIRAM.h
  216    10   0  C:\Program Files\PICC\drivers\tcpip\TCPIP Stack\UDP.h
  352    10   0  C:\Program Files\PICC\drivers\tcpip\TCPIP Stack\TCP.h
   77    10   0  C:\Program Files\PICC\drivers\tcpip\TCPIP Stack\DNS.h
   72    10   0  C:\Program Files\PICC\drivers\tcpip\TCPIP Stack\ICMP.h
  729    34   1  C:\Program Files\PICC\drivers\tcpip\StackTsk2.c
  553    48   1  C:\Program Files\PICC\drivers\tcpip\StackTsk.c
 2182   259   7  C:\Program Files\PICC\drivers\tcpip\Helpers.c
   34    18   0  C:\Program Files\PICC\drivers\stdarg.h
  434    12   0  C:\Program Files\PICC\drivers\TCPIP Stack\TCPIP.h
  444    46   1  C:\Program Files\PICC\drivers\tcpip\Tick.c
 2338   560  15  C:\Program Files\PICC\drivers\tcpip\ENC28J60.c
  312    50   1  C:\Program Files\PICC\drivers\tcpip\IP.c
  702    89   2  C:\Program Files\PICC\drivers\tcpip\ARP.c
  489    33   1  C:\Program Files\PICC\drivers\tcpip\ICMP.c
 1366   228   6  C:\Program Files\PICC\drivers\tcpip\UDP.c
 5592  1400  38  C:\Program Files\PICC\drivers\tcpip\TCP.c
  790   258   7  C:\Program Files\PICC\drivers\tcpip\_DNS.c
  112    22   1  C:\Program Files\PICC\drivers\tcpip\p18cxxx.c
----- -----
27117  3672 Total

Page ROM  %  RAM   Vol Diff  Functions:
---- --- --- ---   --- ----  ----------
0     30   0    7             @READ_PROGRAM_MEMORY
0     42   0    1             @delay_ms1
0     88   0    3   760  4.5  lcd_read_byte
0     86   0    2   262  3.7  lcd_read_nibble
0     74   0    1   399  2.4  lcd_send_nibble
0     82   0    3   417  3.6  lcd_send_byte
0    160   0    6   915  6.1  lcd_init
0     54   0    4   283  5.9  lcd_gotoxy
0    176   0    2   679  7.2  lcd_putc
0     78   0    0   217  1.1  init_user_io
0     60   0    5   129  4.6  strlen
0     34   0    5             @MUL1616
0      6   0    0    42  2.5  ISRTimer0
0     74   0    4   364  8.4  StackInit
0    372   1   12  1308 10.9  StackTask
0     98   0    9   229  4.4  LFSRSeedRand
0    160   0   10   205  5.1  LFSRRand
0    324   0   17  1813 11.8  GenerateRandomDWORD
0    424   1   14  2347 11.7  StringToIPAddress
0    436   1   14  2349 12.7  ROMStringToIPAddress
0     34   0    5   256  3.3  swaps
0    374   1   11   831  4.3  swapl
0    232   0   16   799 10.3  CalcIPChecksum
0     18   0    0   156  2.2  TickInit
0     58   0    4   304  4.5  GetTickCopy
0     40   0    2    66  2.2  TickGet
0     36   0    6   331  3.6  TickGetDiv256
0     30   0    0   354  5.5  TickUpdate
0    544   1    2  5409  9.0  MACInit
0     40   0    1    48  2.1  MACIsTxReady
0    104   0    2   692  7.1  MACDiscardRx
0    280   0    6  1439  9.2  MACGetFreeRxSize
0    338   1   29  2029 10.4  MACGetHeader
0    198   0    8  1136  8.3  MACPutHeader
0    568   1    2  2731 11.8  MACFlush
0     86   0    6   634  7.2  MACSetReadPtrInRx
0    112   0    7   366  5.2  MACSetWritePtr
0    108   0    7   368  5.0  MACSetReadPtr
0    178   0   10  1122  7.7  MACCalcRxChecksum
0    328   0   36  1256 10.7  CalcIPBufferChecksum
0    658   1   14  5182 12.6  MACMemCopyAsync
0     40   0    1    49  1.9  MACIsMemCopyDone
0     42   0    1   456  4.9  MACGet
0    118   0    9   922  9.6  MACGetArray
0     36   0    2   456  4.5  MACPut
0     70   0    5   616  7.7  MACPutArray
0     98   0    5   604  7.3  MACPutROMArray
0     56   0    1   399  4.7  SendSystemReset
0     42   0    2   475  4.7  ReadETHReg
0     56   0    2   647  4.7  ReadMACReg
0     42   0    3   618  5.9  WriteReg
0     42   0    3   458  4.7  BFCReg
0     42   0    3   458  4.7  BFSReg
0    154   0    6   401  4.7  WritePHYReg
0     54   0    5   144  4.3  BankSel
0    256   0   32   919  7.9  IPGetHeader
0    234   0   29   992  6.8  IPPutHeader
0     28   0    4    33  1.7  IPSetRxBuffer
0    218   0    6   166  2.4  SwapIPHeader
0    256   0    6   797  7.1  ARPPut
0     28   0    0   388  2.8  ARPInit
0    344   1   30  1320  9.5  ARPProcess
0    180   0   34   657  5.6  ARPResolve
0    244   0    8   366  7.2  ARPIsResolved
0    218   0    6   196  3.2  SwapARPPacket
0    224   0   10  1152  9.3  ICMPProcess
0     34   0    1   133  3.3  UDPInit
0    542   1   14  2053 13.1  UDPOpenEx
0     26   0    0             @MEMSET
0   1246   2    8  2612 14.0  UDPTask
0    132   0    5   206  4.1  UDPClose
0     64   0    4   221  3.6  UDPSetTxBuffer
0     36   0    4    63  2.3  UDPSetRxBuffer
0     78   0    1   238  4.3  UDPIsPutReady
0     86   0    1   204  4.6  UDPPut
0    132   0    6   318  5.8  UDPPutArray
0    130   0    6   318  5.8  UDPPutROMArray
0    266   0   14   802  6.4  UDPFlush
0     64   0    1   178  3.8  UDPIsGetReady
0     74   0    4   142  4.7  UDPGet
0    134   0    6   295  6.5  UDPGetArray
0     24   0    0   123  2.8  UDPDiscard
0    388   1   33  1613  8.8  UDPProcess
0    390   1   14  1193  7.9  FindMatchingUDPSocket
0    162   0    5   362  6.8  SyncTCBStub
0    216   0    7   472  7.0  SyncTCB
0    458   1   13  2135 12.5  TCPInit
0    516   1   15  2848 14.9  TCPOpen
0     44   0    0   354  5.8  @goto13780
0     46   0    1   108  3.3  TCPIsConnected
0    246   0    1  1198  9.9  TCPDisconnect
0     62   0    1   169  3.7  TCPFlush
0    174   0    4   510  6.2  TCPIsPutReady
0    442   1   13  1789 11.1  TCPPutArray
0    128   0    3   297  4.4  TCPIsGetReady
0    176   0    7   849  7.7  TCPGet
0   2572   4   11 12706 19.7  TCPTick
0    372   1   45  1237  8.1  TCPProcess
0   1568   2   46 10886 17.0  SendTCP
0   1574   2   14  3699 13.3  FindMatchingTCPSocket
0    540   1    8   409  2.9  SwapTCPHeader
0    210   0    4  1618  6.0  CloseSocket
0    286   0    6  1216 11.2  GetMaxSegSizeOption
0   4548   7   36 21973 18.4  HandleTCPSeg
0    230   0    8   858  8.3  TCPRAMCopy
0     22   0    0   102  2.9  DNSBeginUsage
0     42   0    0   179  3.6  DNSEndUsage
0     66   0    3   307  4.7  DNSResolve
0     66   0    3   309  4.5  DNSResolveROM
0   1988   3   33 12325 16.1  DNSIsResolved
0     52   0    0             @goto15433
0    176   0    8   647  8.6  DNSPutString
0    210   0    8   655  8.6  DNSPutROMString
0     74   0    2   402 10.4  DNSDiscardName
0     26   0    0   348  3.3  MACAddrInit
0     60   0    0  1065  2.9  IPAddrInit
0     32   0    1             @SPRINTF
0     44   0    3             @DIV88
0    126   0    2             @PRINTF_U_3200
0     16   0    0    98  1.3  Init
0    218   0   23   661  6.6  TCPConnectedTask
0     16   0    0             @const3223
0     32   0    2             @PSTRINGC_1324
0     12   0    0             @const3225
0     42   0    3             @PSTRINGCN_3200
0    484   1    9  1852  9.3  MyTCPTask
0     20   0    0             @const3241
0     42   0    3             @PSTRINGCN_1324
0     38   0    2             @PSTRINGR_1324
0     14   0    0             @const3245
0     18   0    0             @const3246
0     14   0    0             @const3247
0     22   0    0             @const3248
0     46   0    0             @goto15710
0    308   0    0   145  2.0  main
0     50   0    0             @const3253
0     36   0    2             @PSTRINGC_9600_31766_31767
0     24   0    0             @const3255
 Inline         0             @cinit1

Program metrics:
    Functions               115
    Statements              3672
    Comments                14878
    Volume (V)              263556
    Difficulty (D)          781.2
    Effort to implement (E) 205880954
    Time to implement (T)   3177 hours, 11 minutes
    Est Delivered Bugs (B)  116
    Cyclomatic Complexity   472
    Maintainability (MI)    27

 Segment     Used  Free
-----------  ----  ----
00000-00002     4  0  
00004-00006     0  4  
00008-00094   142  0  
00096-0FFFE  33196  32190  



