>>> Warning 215 "C:\Program Files\PICC\drivers\tcpip\TCPIP Stack\TCPIP.h" Line 131(8,33): Undefined identifier
>>> Warning 215 "C:\Program Files\PICC\drivers\tcpip\TCPIP Stack\TCPIP.h" Line 132(8,31): Undefined identifier
>>> Warning 215 "C:\Program Files\PICC\drivers\tcpip\TCPIP Stack\TCPIP.h" Line 133(8,35): Undefined identifier
>>> Warning 203 "C:\Program Files\PICC\drivers\tcpip\StackTsk.c" Line 344(1,1): Condition always TRUE
>>> Warning 203 "C:\Program Files\PICC\drivers\tcpip\Helpers.c" Line 245(1,1): Condition always TRUE
>>> Warning 201 "C:\Program Files\PICC\drivers\tcpip\Helpers.c" Line 454(1,1): Assignment inside relational expression
>>> Warning 201 "C:\Program Files\PICC\drivers\tcpip\Helpers.c" Line 551(1,1): Assignment inside relational expression
>>> Warning 207 "C:\Program Files\PICC\drivers\tcpip\Helpers.c" Line 1469(1,1): Code has no effect
>>> Warning 235 "C:\Program Files\PICC\drivers\tcpip\TCP.c" Line 239(20,25): Unknown Pragma
>>> Warning 235 "C:\Program Files\PICC\drivers\tcpip\TCP.c" Line 243(20,25): Unknown Pragma
>>> Warning 235 "C:\Program Files\PICC\drivers\tcpip\TCP.c" Line 251(20,25): Unknown Pragma
>>> Warning 235 "C:\Program Files\PICC\drivers\tcpip\TCP.c" Line 255(0,5): Unknown Pragma
>>> Warning 203 "C:\Program Files\PICC\drivers\tcpip\TCP.c" Line 455(1,1): Condition always TRUE
>>> Warning 203 "C:\Program Files\PICC\drivers\tcpip\TCP.c" Line 2015(1,1): Condition always TRUE
>>> Warning 203 "C:\Program Files\PICC\drivers\tcpip\TCP.c" Line 2191(1,1): Condition always TRUE
>>> Warning 203 "ex14.c" Line 56(1,1): Condition always TRUE
>>> Warning 203 "ex14.c" Line 239(1,1): Condition always TRUE
>>> Warning 202 "C:\Program Files\PICC\drivers\ccstcpip.h" Line 451(19,38): Variable never used:   g_SpiFlashCurrWrite
>>> Warning 202 "C:\Program Files\PICC\drivers\tcpip\Helpers.c" Line 1241(11,19): Variable never used:   toRotate
>>> Warning 202 "C:\Program Files\PICC\drivers\ccstcpip.h" Line 817(6,23): Variable never used:   ExampleIPDatagram
>>> Warning 202 "C:\Program Files\PICC\drivers\ccstcpip.h" Line 823(6,22): Variable never used:   ExampleUDPPacket
      Memory usage:   ROM=40%      RAM=9% - 18%
      0 Errors,  21 Warnings.
Build Successful.
