
ROM used:   1559/4096 (38%)
            1559/4096 (38%) including unused fragments

            1.0 Average locations per line
            6.6 Average locations per statement

RAM used:   24/256 (9%) at main() level
            75/256 (29%) worst case

Stack used: 7 worst case (5 in main + 2 for interrupts)
Stack size: 16

Lines Stmts  %   Files
----- ----- ---  -----
  241   120  51  Nozzels_v2.c
  919     0   0  C:\Program Files\PICC\devices\16F1508.H
  456   115  49  C:\Program Files\PICC\drivers\lcd.c
----- -----
 1616   235 Total

Page ROM  %  RAM    Vol Diff  Functions:
---- --- --- ---    --- ----  ----------
0     21   1    1             @delay_ms1
0     16   1    1     27  1.3  @delay_us1
 Inline         3    760  4.5  lcd_read_byte
0     49   3    2    262  3.7  lcd_read_nibble
0     59   4    1    399  2.4  lcd_send_nibble
0     98   6    3    417  3.6  lcd_send_byte
 Inline         6    915  6.1  lcd_init
0     24   2    4    283  5.9  lcd_gotoxy
0     77   5    2    679  7.2  lcd_putc
0     14   1    0    334  6.9  @const705
0    139   9    4    619  7.9  timer0_isr
0     77   5   13   1030  7.8  @DIV3232
0    244  16    4   1030  7.8  int_handler
0     46   3    0    156  2.6  MAIN
0    187  12    1    973  4.3  chip_init
0      5   0    0    183  2.7  @const721
0     74   5    3     37  1.1  @PSTRINGC7_683
0     10   1    0     37  1.1  nozzle_off
0     73   5    3    183  2.7  nozzle_task
0    253  16    0    336  4.4  lcd_task
0      5   0    0     37  1.1  @const723
 Inline         4    336  4.4  @PSTRINGCN7_683
 Inline         9             @PRINTF_LU_683
0      9   1    0             @const728
0      9   1    0             @const729
 Inline         2             @PSTRINGR_683
 Inline         0             @cinit1

Program metrics:
    Functions               21
    Statements              235
    Comments                274
    Volume (V)              15448
    Difficulty (D)          90.0
    Effort to implement (E) 1390352
    Time to implement (T)   21 hours, 27 minutes
    Est Delivered Bugs (B)  4
    Cyclomatic Complexity   42
    Maintainability (MI)    65

 Segment     Used  Free
-----------  ----  ----
00000-00002     3  0  
00003-00003     0  1  
00004-00046    67  0  
00047-007FF  1489  488  
00800-00FFF     0  2048  



