
ROM used:   38276/65536 (58%)
            65532/65536 (100%) including unused fragments

            1.5 Average locations per line
            11.0 Average locations per statement

RAM used:   739/3968 (19%) at main() level
            913/3968 (23%) worst case

Stack used: 15 worst case (13 in main + 2 for interrupts)
Stack size: 31

Lines Stmts  %   Files
----- ----- ---  -----
  268    78   2  ex15.c
 1006    36   1  C:\Program Files\PICC\drivers\ccstcpip.h
  839     0   0  C:\Program Files\PICC\devices\18F4620.h
   96    17   0  C:\Program Files\PICC\drivers\tcpip\p18cxxx.h
  768     0   0  C:\Program Files\PICC\drivers\tcpip\PIC18F4620_registers.h
  456   115   3  C:\Program Files\PICC\drivers\lcd.c
  142    67   2  C:\Program Files\PICC\drivers\AT25256.C
  163    10   0  C:\Program Files\PICC\drivers\stdint.h
  179    10   0  C:\Program Files\PICC\drivers\tcpip\StackTsk2.h
  434    12   0  C:\Program Files\PICC\drivers\tcpip\TCPIP Stack\TCPIP.h
  423    10   0  C:\Program Files\PICC\drivers\string.h
   32    10   0  C:\Program Files\PICC\drivers\stddef.h
   28    10   0  C:\Program Files\PICC\drivers\ctype.h
 1351    10   0  C:\Program Files\PICC\drivers\stdlib.h
  552    10   0  C:\Program Files\PICC\drivers\GenericTypeDefs.h
  210    10   0  C:\Program Files\PICC\drivers\Compiler.h
   96    10   0  C:\Program Files\PICC\drivers\p18cxxx.h
   37    10   0  C:\Program Files\PICC\drivers\stdio.h
   42    12   0  C:\Program Files\PICC\drivers\HardwareProfile.h
  475    10   0  C:\Program Files\PICC\drivers\TCPIPConfig.h
  152    10   0  C:\Program Files\PICC\drivers\TCPIP Stack\StackTsk.h
  141    10   0  C:\Program Files\PICC\drivers\tcpip\TCPIP Stack\Helpers.h
   94    10   0  C:\Program Files\PICC\drivers\TCPIP Stack\Delay.h
   88    10   0  C:\Program Files\PICC\drivers\tcpip\TCPIP Stack\Tick.h
  330    10   0  C:\Program Files\PICC\drivers\tcpip\TCPIP Stack\MAC.h
   42    10   0  C:\Program Files\PICC\drivers\tcpip\TCPIP Stack\HardwareProfile.h
  745    10   0  C:\Program Files\PICC\drivers\tcpip\TCPIP Stack\ENC28J60.h
  552    10   0  C:\Program Files\PICC\drivers\tcpip\TCPIP Stack\GenericTypeDefs.h
  256    10   0  C:\Program Files\PICC\drivers\tcpip\TCPIP Stack\IP.h
  112    10   0  C:\Program Files\PICC\drivers\tcpip\TCPIP Stack\ARP.h
  104    10   0  C:\Program Files\PICC\drivers\tcpip\TCPIP Stack\XEEPROM.h
   98    10   0  C:\Program Files\PICC\drivers\tcpip\TCPIP Stack\SPIFlash.h
   97    10   0  C:\Program Files\PICC\drivers\tcpip\TCPIP Stack\SPIRAM.h
  352    10   0  C:\Program Files\PICC\drivers\tcpip\TCPIP Stack\TCP.h
   72    10   0  C:\Program Files\PICC\drivers\tcpip\TCPIP Stack\ICMP.h
   64    10   0  C:\Program Files\PICC\drivers\tcpip\TCPIP Stack\ccs_HTTP.h
  729    34   1  C:\Program Files\PICC\drivers\tcpip\StackTsk2.c
  553    43   1  C:\Program Files\PICC\drivers\tcpip\StackTsk.c
 2182   259   7  C:\Program Files\PICC\drivers\tcpip\Helpers.c
   34    18   1  C:\Program Files\PICC\drivers\stdarg.h
  434    12   0  C:\Program Files\PICC\drivers\TCPIP Stack\TCPIP.h
  444    46   1  C:\Program Files\PICC\drivers\tcpip\Tick.c
 2338   560  16  C:\Program Files\PICC\drivers\tcpip\ENC28J60.c
  312    50   1  C:\Program Files\PICC\drivers\tcpip\IP.c
  702    89   3  C:\Program Files\PICC\drivers\tcpip\ARP.c
  489    33   1  C:\Program Files\PICC\drivers\tcpip\ICMP.c
 5592  1372  40  C:\Program Files\PICC\drivers\tcpip\TCP.c
  896   321   9  C:\Program Files\PICC\drivers\tcpip\ccs_HTTP.c
  112    22   1  C:\Program Files\PICC\drivers\tcpip\p18cxxx.c
----- -----
25713  3466 Total

Page ROM  %  RAM   Vol Diff  Functions:
---- --- --- ---   --- ----  ----------
0     30   0    7             @READ_PROGRAM_MEMORY
0     42   0    1             @delay_ms1
0     88   0    3   760  4.5  lcd_read_byte
0     86   0    2   262  3.7  lcd_read_nibble
0     74   0    1   399  2.4  lcd_send_nibble
0     82   0    3   417  3.6  lcd_send_byte
0    168   0    6   915  6.1  lcd_init
0     54   0    4   283  5.9  lcd_gotoxy
0    176   0    2   679  7.2  lcd_putc
0     78   0    0   217  1.1  init_user_io
0    234   0   13   485  7.8  memmove
0    130   0    5   231  6.6  strcmp
0     78   0    9   266  6.5  memchr
0    122   0    9   288  6.0  strpbrk
0    144   0    9   346  7.5  strspn
0    176   0   10   475  7.2  strtok
0     58   0    5   129  4.6  strlen
0    306   0    6   436  7.9  stricmp
0     86   0    6             @MULS1616
0    236   0   14             @DIVS3232
0     92   0   14             @MUL3232
0    660   1   14  1815 10.5  atoi
0    844   1   19  1817 10.4  atol
0   1026   1   57  2308 12.4  strtoul
0     34   0    5             @MUL1616
0      6   0    0    42  2.5  ISRTimer0
0     66   0    4   364  8.4  StackInit
0    314   0   12  1103 11.0  StackTask
0      8   0    0   118  9.3  StackApplications
0     98   0    9   229  4.4  LFSRSeedRand
0    122   0   10   205  5.1  LFSRRand
0    336   0   17  1813 11.8  GenerateRandomDWORD
0     34   0    5   256  3.3  swaps
0    374   0   11   831  4.3  swapl
0    232   0   16   799 10.3  CalcIPChecksum
0     18   0    0   156  2.2  TickInit
0     56   0    4   304  4.5  GetTickCopy
0     38   0    2    66  2.2  TickGet
0     38   0    6   331  3.6  TickGetDiv256
0    148   0   13             @DIV3232
0     26   0    0   354  5.5  TickUpdate
0    542   1    2  5409  9.0  MACInit
0     28   0    2    44  1.6  MACIsLinked
0     40   0    1    48  2.1  MACIsTxReady
0     94   0    2   692  7.1  MACDiscardRx
0    280   0    6  1439  9.2  MACGetFreeRxSize
0    344   0   29  2029 10.4  MACGetHeader
0    198   0    8  1136  8.3  MACPutHeader
0    564   1    2  2731 11.8  MACFlush
0     80   0    6   634  7.2  MACSetReadPtrInRx
0    112   0    7   366  5.2  MACSetWritePtr
0    108   0    7   368  5.0  MACSetReadPtr
0    172   0   10  1122  7.7  MACCalcRxChecksum
0    328   0   36  1256 10.7  CalcIPBufferChecksum
0    640   1   14  5182 12.6  MACMemCopyAsync
0     40   0    1    49  1.9  MACIsMemCopyDone
0     42   0    1   456  4.9  MACGet
0    118   0    9   922  9.6  MACGetArray
0     36   0    2   456  4.5  MACPut
0     70   0    5   616  7.7  MACPutArray
0     56   0    1   399  4.7  SendSystemReset
0     42   0    2   475  4.7  ReadETHReg
0     54   0    2   647  4.7  ReadMACReg
0    188   0    4   554  4.3  ReadPHYReg
0     42   0    3   618  5.9  WriteReg
0     42   0    3   458  4.7  BFCReg
0     42   0    3   458  4.7  BFSReg
0    160   0    6   401  4.7  WritePHYReg
0     54   0    5   144  4.3  BankSel
0    256   0   32   919  7.9  IPGetHeader
0    234   0   29   992  6.8  IPPutHeader
0     26   0    4    33  1.7  IPSetRxBuffer
0    218   0    6   166  2.4  SwapIPHeader
0    256   0    6   797  7.1  ARPPut
0     24   0    0   388  2.8  ARPInit
0    334   0   30  1320  9.5  ARPProcess
0    190   0   34   657  5.6  ARPResolve
0    244   0    8   366  7.2  ARPIsResolved
0    218   0    6   196  3.2  SwapARPPacket
0    236   0   10  1282  8.5  ICMPProcess
0    160   0    5   362  6.8  SyncTCBStub
0    212   0    7   472  7.0  SyncTCB
0    450   1   13  2135 12.5  TCPInit
0     28   0    0             @MEMSET
0    476   1   15  2558 15.0  TCPOpen
0     46   0    1   108  3.3  TCPIsConnected
0    256   0    1  1116 10.0  TCPDisconnect
0     66   0    1   169  3.7  TCPFlush
0    174   0    4   510  6.2  TCPIsPutReady
0    288   0    6  1248 10.4  TCPPut
0    100   0    7   232  4.1  TCPGetTxFIFOFull
0     48   0    1   131  2.8  TCPDiscard
0    128   0    3   297  4.4  TCPIsGetReady
0    176   0    7   849  7.7  TCPGet
0   2338   3   11 10526 19.6  TCPTick
0    392   1   45  1237  8.1  TCPProcess
0   1628   2   46 10886 17.0  SendTCP
0   1576   2   14  3699 13.3  FindMatchingTCPSocket
0    540   1    8   409  2.9  SwapTCPHeader
0    204   0    4  1618  6.0  CloseSocket
0    284   0    6  1216 11.2  GetMaxSegSizeOption
0   4654   6   36 21973 18.4  HandleTCPSeg
0    230   0    8   858  8.3  TCPRAMCopy
0    260   0   12   626  8.4  http_escape_chars
0    172   0   13   626  6.8  http_parse_cgi_string
0      8   0    1    30  1.7  set_tcp_http_putc
0     18   0    1    42  2.1  tcp_http_putc
0    200   0   11   536  7.2  TCPPutFileVarChunk
0    386   1   20   978  8.4  TCPPutFileParseConst
0    202   0   12   767  7.6  TCPPutFileConstChunk
0     56   0    5    93  2.5  TCPPutFileConstGetEscape
0    842   1   19  2224 11.4  tcp_http_put_file
0     14   0    0             @const3106
0     42   0    3             @PSTRINGCN_3055
0    212   0    9             @PRINTF_LU_3055
0     10   0    0             @const3112
0     32   0    2             @PSTRINGC_3055
0     14   0    0             @const3114
0     18   0    0             @const3115
0     38   0    2             @PSTRINGR_3055
0     10   0    0             @const3118
0      6   0    0             @const3119
0    120   0    3   436  5.6  HTTPInit
0   3164   4   16  8190 17.0  HTTPServer
0     26   0    0   348  3.3  MACAddrInit
0     44   0    0   757  3.0  IPAddrInit
0     34   0    1             @SPRINTF
0    158   0    8   196  3.0  IPToString
0     44   0    3             @DIV88
0    128   0    2             @PRINTF_U_3156
0     16   0    0    98  1.3  Init
0    278   0    7   624  6.3  http_get_page
0     14   0    0             @const3179
0     42   0    3             @PSTRINGCN_9600_31766_31767
0     38   0    2             @PSTRINGR_9600_31766_31767
0     14   0    0             @const3183
0     72   0    2             @PRINTF_X_9600_31766_31767
0     18   0    0             @const3187
0     34   0    2             @PSTRINGC_9600_31766_31767
0    292   0   35   668  8.7  http_format_char
0     16   0    0             @const3192
0      4   0    0             @const3193
0     42   0    3             @PSTRINGCN_3156
0     36   0    2             @PSTRINGC_3156
0    202   0    9             @PRINTF_LU_3156
0    334   0   27   882  6.5  http_exec_cgi
0     30   0    0             @const3204
0    272   0   12             @PRINTF_L32D_9600_31766_31767
0     38   0    2             @PSTRINGR_1324
0    188   0    0   782  7.0  LCDTask
0     24   0    0             @const3216
0     32   0    2             @PSTRINGC_1324
0     28   0    0             @const3218
0     44   0    3             @PSTRINGCN_1324
0    130   0    2             @PRINTF_U_1324
0     28   0    0             @const3224
0    376   0    0   190  2.2  main
0     52   0    0             @const3228
0     32   0    0             @const3229
0     28   0    0             @const3230
 Inline         0             @cinit1

Program metrics:
    Functions               115
    Statements              3466
    Comments                13084
    Volume (V)              248679
    Difficulty (D)          772.4
    Effort to implement (E) 192085837
    Time to implement (T)   2964 hours, 17 minutes
    Est Delivered Bugs (B)  111
    Cyclomatic Complexity   484
    Maintainability (MI)    38

 Segment     Used  Free
-----------  ----  ----
00000-00002     4  0  
00004-00006     0  4  
00008-00094   142  0  
00096-0FC80  37236  27256  
0FC82-0FFFE   894  0  



