>>> Warning 215 "C:\Program Files\PICC\drivers\tcpip\TCPIP Stack\TCPIP.h" Line 131(8,33): Undefined identifier
>>> Warning 215 "C:\Program Files\PICC\drivers\tcpip\TCPIP Stack\TCPIP.h" Line 132(8,31): Undefined identifier
>>> Warning 215 "C:\Program Files\PICC\drivers\tcpip\TCPIP Stack\TCPIP.h" Line 133(8,35): Undefined identifier
>>> Warning 203 "C:\Program Files\PICC\drivers\tcpip\StackTsk.c" Line 344(1,1): Condition always TRUE
>>> Warning 203 "C:\Program Files\PICC\drivers\tcpip\Helpers.c" Line 245(1,1): Condition always TRUE
>>> Warning 201 "C:\Program Files\PICC\drivers\tcpip\Helpers.c" Line 454(1,1): Assignment inside relational expression
>>> Warning 201 "C:\Program Files\PICC\drivers\tcpip\Helpers.c" Line 551(1,1): Assignment inside relational expression
>>> Warning 207 "C:\Program Files\PICC\drivers\tcpip\Helpers.c" Line 1469(1,1): Code has no effect
>>> Warning 235 "C:\Program Files\PICC\drivers\tcpip\TCP.c" Line 239(20,25): Unknown Pragma
>>> Warning 235 "C:\Program Files\PICC\drivers\tcpip\TCP.c" Line 243(20,25): Unknown Pragma
>>> Warning 235 "C:\Program Files\PICC\drivers\tcpip\TCP.c" Line 251(20,25): Unknown Pragma
>>> Warning 235 "C:\Program Files\PICC\drivers\tcpip\TCP.c" Line 255(0,5): Unknown Pragma
>>> Warning 203 "C:\Program Files\PICC\drivers\tcpip\TCP.c" Line 455(1,1): Condition always TRUE
>>> Warning 203 "C:\Program Files\PICC\drivers\tcpip\TCP.c" Line 2015(1,1): Condition always TRUE
>>> Warning 203 "C:\Program Files\PICC\drivers\tcpip\TCP.c" Line 2191(1,1): Condition always TRUE
>>> Warning 201 "C:\Program Files\PICC\drivers\tcpip\ccs_HTTP.c" Line 175(1,1): Assignment inside relational expression
>>> Warning 203 "C:\Program Files\PICC\drivers\tcpip\ccs_HTTP.c" Line 200(1,1): Condition always TRUE
>>> Warning 203 "C:\Program Files\PICC\drivers\tcpip\ccs_HTTP.c" Line 356(1,1): Condition always TRUE
>>> Warning 203 "C:\Program Files\PICC\drivers\tcpip\ccs_HTTP.c" Line 584(1,1): Condition always TRUE
>>> Warning 203 "C:\Program Files\PICC\drivers\tcpip\ccs_HTTP.c" Line 611(1,1): Condition always TRUE
>>> Warning 201 "C:\Program Files\PICC\drivers\tcpip\ccs_HTTP.c" Line 702(1,1): Assignment inside relational expression
>>> Warning 215 "ex15.c" Line 120(13,33): Undefined identifier   STACK_USE_CCS_PICNET
>>> Warning 215 "ex15.c" Line 130(13,33): Undefined identifier   STACK_USE_CCS_PICNET
>>> Warning 203 "ex15.c" Line 203(1,1): Condition always TRUE
>>> Warning 203 "ex15.c" Line 263(1,1): Condition always TRUE
