
ROM used:   1253/4096 (31%)
            1253/4096 (31%) including unused fragments

            0.9 Average locations per line
            9.1 Average locations per statement

RAM used:   21/256 (8%) at main() level
            49/256 (19%) worst case

Stack used: 5 worst case (2 in main + 3 for interrupts)
Stack size: 16

Lines Stmts  %   Files
----- ----- ---  -----
  168    62  45  radio1.c
  919     0   0  C:\Program Files\PICC\devices\16F1508.h
  156    76  55  NRF24L01.c
  180     0   0  NRF24L01.h
----- -----
 1423   138 Total

Page ROM  %  RAM    Vol Diff  Functions:
---- --- --- ---    --- ----  ----------
0     22   2    1             @delay_ms1
0     21   2    3             @SPI_XFER_1_8
0     42   3    0             @GET_TICKS_1
0     14   1    0     56  1.0  NRF_Init
0     25   2    4    200  3.9  WriteRegister
0     22   2    2    149  2.5  ReadRegister
 Inline         8    370  6.6  ReadRxFifo
 Inline         1    147  3.3  FlushTX
0     18   1    1     96  2.1  ReadStatusRegister
0     79   6    2    514  5.7  IRQ_Handler
0     75   6    2    132  3.2  MAIN
0     19   2    0    130  1.8  MCU_Init
0    201  16    0    439  4.1  InterruptTask
0     10   1    0    130  1.8  @const730
0     86   7    4    439  4.1  @PSTRINGCN7_9600_111_109
0     21   2    3    130  1.8  @DIV88
 Inline         2    359  4.1  @PRINTF_U_9600_111_109
0     18   1    0    130  1.8  @const739
0     80   6    3    359  4.1  @PSTRINGC7_9600_111_109
0     13   1    0             @const741
0     26   2    0             @const742
0    308  25    1    838  2.9  NRF_SetUp
0      7   1    0    838  2.9  @const743
0     39   3    2    793  2.9  @PRINTF_X_9600_111_109
0      8   1    0    838  2.9  @const747
0      9   1    0             @const748
0      6   0    0             @const749
0      8   1    0             @const750
0      8   1    0             @const751
0      7   1    0             @const752
 Inline         0             @cinit1

Program metrics:
    Functions               20
    Statements              138
    Comments                189
    Volume (V)              12285
    Difficulty (D)          63.7
    Effort to implement (E) 782862
    Time to implement (T)   12 hours, 5 minutes
    Est Delivered Bugs (B)  3
    Cyclomatic Complexity   23
    Maintainability (MI)    56

 Segment     Used  Free
-----------  ----  ----
00000-00002     3  0  
00003-00003     0  1  
00004-0003D    58  0  
0003E-007FF  1192  794  
00800-00FFF     0  2048  



