>>> Warning 215 "C:\Program Files\PICC\drivers\tcpip\TCPIP Stack\TCPIP.h" Line 131(8,33): Undefined identifier
>>> Warning 215 "C:\Program Files\PICC\drivers\tcpip\TCPIP Stack\TCPIP.h" Line 132(8,31): Undefined identifier
>>> Warning 215 "C:\Program Files\PICC\drivers\tcpip\TCPIP Stack\TCPIP.h" Line 133(8,35): Undefined identifier
>>> Warning 203 "C:\Program Files\PICC\drivers\tcpip\StackTsk.c" Line 344(1,1): Condition always TRUE
>>> Warning 203 "C:\Program Files\PICC\drivers\tcpip\Helpers.c" Line 245(1,1): Condition always TRUE
>>> Warning 201 "C:\Program Files\PICC\drivers\tcpip\Helpers.c" Line 454(1,1): Assignment inside relational expression
>>> Warning 201 "C:\Program Files\PICC\drivers\tcpip\Helpers.c" Line 551(1,1): Assignment inside relational expression
>>> Warning 207 "C:\Program Files\PICC\drivers\tcpip\Helpers.c" Line 1469(1,1): Code has no effect
>>> Warning 205 "C:\Program Files\PICC\drivers\tcpip\ETH97J60.c" Line 344(1,1): Unsigned variable is never less than zero
>>> Warning 235 "C:\Program Files\PICC\drivers\tcpip\TCP.c" Line 239(20,25): Unknown Pragma
>>> Warning 235 "C:\Program Files\PICC\drivers\tcpip\TCP.c" Line 243(20,25): Unknown Pragma
>>> Warning 235 "C:\Program Files\PICC\drivers\tcpip\TCP.c" Line 251(20,25): Unknown Pragma
>>> Warning 235 "C:\Program Files\PICC\drivers\tcpip\TCP.c" Line 255(0,5): Unknown Pragma
>>> Warning 203 "C:\Program Files\PICC\drivers\tcpip\TCP.c" Line 455(1,1): Condition always TRUE
>>> Warning 203 "C:\Program Files\PICC\drivers\tcpip\TCP.c" Line 2015(1,1): Condition always TRUE
>>> Warning 203 "C:\Program Files\PICC\drivers\tcpip\TCP.c" Line 2191(1,1): Condition always TRUE
>>> Warning 224 "C:\Program Files\PICC\drivers\tcpip\p18cxxx.c" Line 44(12,34): #warning   temporary ccs bug fix
>>> Warning 203 "ex14.c" Line 239(1,1): Condition always TRUE
>>> Warning 202 "D:\Projects\18f67j60 Ethernet\CCS\ex14\ccstcpip.h" Line 371(19,38): Variable never used:   g_SpiFlashCurrWrite
>>> Warning 202 "C:\Program Files\PICC\drivers\tcpip\Helpers.c" Line 1241(11,19): Variable never used:   toRotate
>>> Warning 202 "C:\Program Files\PICC\drivers\tcpip\ETH97J60.c" Line 153(6,7): Variable never used:   i
>>> Warning 202 "C:\Program Files\PICC\drivers\tcpip\ETH97J60.c" Line 1141(15,16): Variable never used:   i
>>> Warning 202 "D:\Projects\18f67j60 Ethernet\CCS\ex14\ccstcpip.h" Line 819(6,23): Variable never used:   ExampleIPDatagram
>>> Warning 202 "D:\Projects\18f67j60 Ethernet\CCS\ex14\ccstcpip.h" Line 825(6,22): Variable never used:   ExampleUDPPacket
      Memory usage:   ROM=17%      RAM=10% - 19%
      0 Errors,  24 Warnings.
Build Successful.
