
ROM used:   3392/65536 (5%)
            3392/65536 (5%) including unused fragments

            0.2 Average locations per line
            2.1 Average locations per statement

RAM used:   200/3968 (5%) at main() level
            236/3968 (6%) worst case

Stack used: 6 worst case (4 in main + 2 for interrupts)
Stack size: 31

Lines Stmts  %   Files
----- ----- ---  -----
   57    23   1  ex9a.c
 1006    36   2  ccstcpip.h
  839     0   0  C:\Program Files\PICC\devices\18F4620.h
   96    12   1  C:\Program Files\PICC\drivers\tcpip\p18cxxx.h
  768     0   0  C:\Program Files\PICC\drivers\tcpip\PIC18F4620_registers.h
  456   115   7  C:\Program Files\PICC\drivers\lcd.c
  142    67   4  C:\Program Files\PICC\drivers\AT25256.C
  163    10   1  C:\Program Files\PICC\drivers\stdint.h
  179    10   1  C:\Program Files\PICC\drivers\tcpip\StackTsk2.h
  434    12   1  C:\Program Files\PICC\drivers\tcpip\TCPIP Stack\TCPIP.h
  423    10   1  C:\Program Files\PICC\drivers\string.h
   32    10   1  C:\Program Files\PICC\drivers\stddef.h
   28    10   1  C:\Program Files\PICC\drivers\ctype.h
 1351    10   1  C:\Program Files\PICC\drivers\stdlib.h
  552    10   1  C:\Program Files\PICC\drivers\GenericTypeDefs.h
  210    10   1  C:\Program Files\PICC\drivers\Compiler.h
   96    10   1  C:\Program Files\PICC\drivers\p18cxxx.h
   37    10   1  C:\Program Files\PICC\drivers\stdio.h
   42    12   1  C:\Program Files\PICC\drivers\HardwareProfile.h
  475    10   1  C:\Program Files\PICC\drivers\TCPIPConfig.h
  152    10   1  C:\Program Files\PICC\drivers\TCPIP Stack\StackTsk.h
  141    10   1  C:\Program Files\PICC\drivers\tcpip\TCPIP Stack\Helpers.h
   94    10   1  C:\Program Files\PICC\drivers\TCPIP Stack\Delay.h
   88    10   1  C:\Program Files\PICC\drivers\tcpip\TCPIP Stack\Tick.h
  330    10   1  C:\Program Files\PICC\drivers\tcpip\TCPIP Stack\MAC.h
   42    10   1  C:\Program Files\PICC\drivers\tcpip\TCPIP Stack\HardwareProfile.h
  745    10   1  C:\Program Files\PICC\drivers\tcpip\TCPIP Stack\ENC28J60.h
  552    10   1  C:\Program Files\PICC\drivers\tcpip\TCPIP Stack\GenericTypeDefs.h
  256    10   1  C:\Program Files\PICC\drivers\tcpip\TCPIP Stack\IP.h
  112    10   1  C:\Program Files\PICC\drivers\tcpip\TCPIP Stack\ARP.h
  104    10   1  C:\Program Files\PICC\drivers\tcpip\TCPIP Stack\XEEPROM.h
   98    10   1  C:\Program Files\PICC\drivers\tcpip\TCPIP Stack\SPIFlash.h
   97    10   1  C:\Program Files\PICC\drivers\tcpip\TCPIP Stack\SPIRAM.h
  729    29   2  C:\Program Files\PICC\drivers\tcpip\StackTsk2.c
  553    29   2  C:\Program Files\PICC\drivers\tcpip\StackTsk.c
 2182   259  16  C:\Program Files\PICC\drivers\tcpip\Helpers.c
   34    18   1  C:\Program Files\PICC\drivers\stdarg.h
  434    12   1  C:\Program Files\PICC\drivers\TCPIP Stack\TCPIP.h
  444    46   3  C:\Program Files\PICC\drivers\tcpip\Tick.c
 2338   560  34  C:\Program Files\PICC\drivers\tcpip\ENC28J60.c
  312    50   3  C:\Program Files\PICC\drivers\tcpip\IP.c
  702    89   5  C:\Program Files\PICC\drivers\tcpip\ARP.c
  112    17   1  C:\Program Files\PICC\drivers\tcpip\p18cxxx.c
----- -----
18037  1626 Total

Page ROM  %  RAM   Vol Diff  Functions:
---- --- --- ---   --- ----  ----------
0     40   1    1             @delay_ms1
0     78   1    0   217  1.1  init_user_io
0      6   0    0    42  2.5  ISRTimer0
0     30   0    5   256  3.3  swaps
0     18   0    0   156  2.2  TickInit
0     26   0    0   354  5.5  TickUpdate
0    386   6    2  5409  9.0  MACInit
0     30   0    1    48  2.1  MACIsTxReady
0     78   1    2   692  7.1  MACDiscardRx
0    274   4   29  2029 10.4  MACGetHeader
0    148   2    8  1136  8.3  MACPutHeader
0    408   6    2  2731 11.8  MACFlush
0     90   1    7   366  5.2  MACSetWritePtr
0     40   1    1   456  4.9  MACGet
0    114   2    9   922  9.6  MACGetArray
0     36   1    2   456  4.5  MACPut
0     66   1    5   616  7.7  MACPutArray
0     44   1    1   399  4.7  SendSystemReset
0     38   1    2   475  4.7  ReadETHReg
0     52   1    2   647  4.7  ReadMACReg
0     38   1    3   618  5.9  WriteReg
0     38   1    3   458  4.7  BFCReg
0     38   1    3   458  4.7  BFSReg
0    116   2    6   401  4.7  WritePHYReg
0     44   1    5   144  4.3  BankSel
0    232   3    6   797  7.1  ARPPut
0    200   3    6   365  9.0  SwapARPPacket
0     26   0    0   348  3.3  MACAddrInit
0     44   1    0   757  3.0  IPAddrInit
0     16   0    0    96  1.4  Init
0     46   1    0   154  4.6  my_arp_task
0     22   0    0             @const2685
0     34   1    2             @PSTRINGC_9600_31766_31767
0    278   4   12   336  4.5  main
0     52   1    0             @const2693
0     20   0    0             @const2694
 Inline         0             @cinit1

Program metrics:
    Functions               31
    Statements              1626
    Comments                9539
    Volume (V)              37546
    Difficulty (D)          165.2
    Effort to implement (E) 6201466
    Time to implement (T)   95 hours, 42 minutes
    Est Delivered Bugs (B)  11
    Cyclomatic Complexity   20
    Maintainability (MI)    114

 Segment     Used  Free
-----------  ----  ----
00000-00002     4  0  
00004-00006     0  4  
00008-00094   142  0  
00096-0FFFE  3246  62140  



