
ROM used:   481/2048 (23%)
            481/2048 (23%) including unused fragments

            0.6 Average locations per line
            4.3 Average locations per statement

RAM used:   81/224 (36%) at main() level
            81/224 (36%) worst case

Stack used: 1 worst case (0 in main + 1 for interrupts)
Stack size: 8

Lines Stmts  %   Files
----- ----- ---  -----
    4     0   0  $linker.c
  162    82  74  main.c
  521     0   0  C:\Program Files\PICC 5.051\Devices\16f628A.h
   71     0   0  start_button.h
   26     0   0  start_button_conf.h
   79    29  26  start_button.c
----- -----
  863   111 Total

Page ROM  %  RAM    Vol Diff  Functions:
---- --- --- ---    --- ----  ----------
 Inline         1             @delay_ms1
0     48  10    1     88  2.0  THREAD_WakeUpTask
0      6   1    0     22  0.8  THREAD_ToggleStarterLed
0      5   1    0     27  1.5  ButtISR
0    311  65    9    679  7.4  MAIN
0      7   1    0      5  1.0  @GOTOPTR
0     57  12    0    195  3.1  ChipInit
 Inline         0    113  1.3  StartButtonInit
 Inline         0             @cinit1

Program metrics:
    Functions               7
    Statements              111
    Comments                88
    Volume (V)              1595
    Difficulty (D)          17.4
    Effort to implement (E) 27682
    Time to implement (T)   26 minutes
    Est Delivered Bugs (B)  0
    Cyclomatic Complexity   3
    Maintainability (MI)    62

 Segment     Used  Free
-----------  ----  ----
00000-00003     4  0  
00004-0002E    43  0  
0002F-007FF   434  1567  



