
ROM used:   1199/4096 (29%)
            1199/4096 (29%) including unused fragments

            0.8 Average locations per line
            8.9 Average locations per statement

RAM used:   20/256 (8%) at main() level
            51/256 (20%) worst case

Stack used: 5 worst case (4 in main + 1 for interrupts)
Stack size: 16

Lines Stmts  %   Files
----- ----- ---  -----
   82    34  25  Main_v1.c
  919     0   0  C:\Program Files\PICC\devices\16F1508.H
  456   100  75  C:\Program Files\PICC\drivers\lcd.c
----- -----
 1457   134 Total

Page ROM  %  RAM    Vol Diff  Functions:
---- --- --- ---    --- ----  ----------
0     22   2    1             @delay_ms1
 Inline         3    760  4.5  lcd_read_byte
0     49   4    2    262  3.7  lcd_read_nibble
0     59   5    1    399  2.4  lcd_send_nibble
0     98   8    3    415  3.7  lcd_send_byte
 Inline         6    852  6.2  lcd_init
0     18   2    4    208  6.3  lcd_gotoxy
0     44   4    1    354  4.7  lcd_putc
0     10   1    0     32  1.0  timer2_interut_handler
0     16   1    0     86  1.3  interrupt_handler
0    148  12    7    434  5.3  MAIN
0     29   2    2             @ITOF
0    117  10   13             @MULFF
0     31   3    4             @SFTOI
0    203  17   14             @DIVFF
0     21   2    3    370  2.3  @DIV88
0     54   5    2    277  2.3  @PRINTF_U_682
0    206  17    1    370  2.3  chip_init
0      4   0    0             @const720
 Inline         3             @PSTRINGC7_682
 Inline         0             @cinit1

Program metrics:
    Functions               13
    Statements              134
    Comments                258
    Volume (V)              7914
    Difficulty (D)          44.5
    Effort to implement (E) 352348
    Time to implement (T)   5 hours, 26 minutes
    Est Delivered Bugs (B)  2
    Cyclomatic Complexity   9
    Maintainability (MI)    129

 Segment     Used  Free
-----------  ----  ----
00000-00002     3  0  
00003-00003     0  1  
00004-00046    67  0  
00047-007FF  1129  848  
00800-00FFF     0  2048  



