CCS PCM C Compiler, Version 5.025, 5967               27-рту-14 15:06

               Filename:   D:\Projects\Kralev\Embedded programming cours\ccs\1\16F84A blinking LED.lst

               ROM used:   41 words (4%)
                           Largest free fragment is 983
               RAM used:   5 (7%) at main() level
                           6 (9%) worst case
               Stack used: 0 locations
               Stack size: 8

*
0000:  MOVLW  00
0001:  MOVWF  0A
0002:  GOTO   018
0003:  NOP
.................... #include <16F84A.h> 
.................... //////////// Standard Header file for the PIC16F84A device //////////////// 
.................... /////////////////////////////////////////////////////////////////////////// 
.................... ////        (C) Copyright 1996, 2013 Custom Computer Services          //// 
.................... //// This source code may only be used by licensed users of the CCS C  //// 
.................... //// compiler.  This source code may only be distributed to other      //// 
.................... //// licensed users of the CCS C compiler.  No other use, reproduction //// 
.................... //// or distribution is permitted without written permission.          //// 
.................... //// Derivative programs created using this software in object code    //// 
.................... //// form are not restricted in any way.                               //// 
.................... /////////////////////////////////////////////////////////////////////////// 
.................... #device PIC16F84A 
....................  
.................... #list 
....................  
.................... #fuses XT, NOWDT, PUT, NOPROTECT 
.................... #use delay(clock = 4M) 
0004:  MOVLW  12
0005:  MOVWF  04
0006:  MOVF   00,W
0007:  BTFSC  03.2
0008:  GOTO   017
0009:  MOVLW  01
000A:  MOVWF  0D
000B:  CLRF   0C
000C:  DECFSZ 0C,F
000D:  GOTO   00C
000E:  DECFSZ 0D,F
000F:  GOTO   00B
0010:  MOVLW  4A
0011:  MOVWF  0C
0012:  DECFSZ 0C,F
0013:  GOTO   012
0014:  GOTO   015
0015:  DECFSZ 00,F
0016:  GOTO   009
0017:  GOTO   025 (RETURN)
....................  
.................... void main() 
0018:  MOVF   03,W
0019:  ANDLW  1F
001A:  MOVWF  03
.................... { 
....................    while (1) 
....................    { 
....................       output_toggle(PIN_B3); 
001B:  BSF    03.5
001C:  BCF    06.3
001D:  MOVLW  08
001E:  BCF    03.5
001F:  XORWF  06,F
....................       delay_ms(500); 
0020:  MOVLW  02
0021:  MOVWF  11
0022:  MOVLW  FA
0023:  MOVWF  12
0024:  GOTO   004
0025:  DECFSZ 11,F
0026:  GOTO   022
0027:  GOTO   01B
....................    } 
.................... } 
0028:  SLEEP

Configuration Fuses:
   Word  1: 3FF1   XT NOWDT PUT NOPROTECT
