
ROM used:   41/1024 (4%)
            41/1024 (4%) including unused fragments

            0.1 Average locations per line
            10.3 Average locations per statement

RAM used:   5/68 (7%) at main() level
            6/68 (9%) worst case

Stack used: 0 worst case (0 in main + 0 for interrupts)
Stack size: 8

Lines Stmts  %   Files
----- ----- ---  -----
   13     4 100  16F84A blinking LED.c
  404     0   0  C:\Program Files\PICC\devices\16F84A.h
----- -----
  417     4 Total

Page ROM  %  RAM    Vol Diff  Functions:
---- --- --- ---    --- ----  ----------
0     20  49    1     17  0.8  @delay_ms1
0     17  41    1     48  1.4  main
 Inline         0             @cinit1

Program metrics:
    Functions               2
    Statements              4
    Comments                69
    Volume (V)              85
    Difficulty (D)          2.0
    Effort to implement (E) 173
    Time to implement (T)   0 minutes
    Est Delivered Bugs (B)  0
    Cyclomatic Complexity   1
    Maintainability (MI)    156

 Segment     Used  Free
-----------  ----  ----
00000-00003     4  0  
00004-003FF    37  983  



