
ROM used:   4732/32768 (14%)
            4732/32768 (14%) including unused fragments

            0.7 Average locations per line
            4.5 Average locations per statement

RAM used:   425/2048 (21%) at main() level
            468/2048 (23%) worst case

Stack used: 16 worst case (7 in main + 9 for interrupts)
Stack size: 31

Lines Stmts  %   Files
----- ----- ---  -----
   56    29   3  Ethernet_Wiz127SR.c
  837     0   0  C:\Program Files\PICC\devices\18LF4550.h
  839   138  13  C:\Program Files\PICC\drivers\usb_cdc.h
  228     0   0  C:\Program Files\PICC\drivers\pic18_usb.h
  328     0   0  C:\Program Files\PICC\drivers\usb_hw_layer.h
  303     0   0  C:\Program Files\PICC\drivers\usb_desc_cdc.h
 1103     0   0  C:\Program Files\PICC\drivers\usb.h
 1177   237  23  C:\Program Files\PICC\drivers\usb.c
 1406   317  30  C:\Program Files\PICC\drivers\pic18_usb.c
  423   169  16  C:\Program Files\PICC\drivers\string.h
   32    44   4  C:\Program Files\PICC\drivers\stddef.h
   28   109  10  C:\Program Files\PICC\drivers\ctype.h
----- -----
 6760  1043 Total

Page ROM  %  RAM   Vol Diff  Functions:
---- --- --- ---   --- ----  ----------
0     40   0    1             @delay_ms1
0     10   0    0             @PUTCHARI_BIU_1
0     24   0    0             @GETCH_BIU_1
0     32   0    0             @const772
0     32   0    0             @const775
0     48   1    0             @const778
0     66   1    0             @const781
0     84   1    0             @const784
0     18   0    0             @const787
0     24   0    0             @const790
0     34   0    0             @const795
0     60   1    0             @const799
0     30   0    5   735  5.0  @MUL1616
0     78   1    4   139  4.3  usb_tbe
0     36   0    1   145  3.2  usb_detach
0     20   0    0   136  2.2  usb_attach
0      6   0    0    16  1.0  usb_init_cs
0     34   0    1   367  5.2  usb_task
0    268   3    9  1092  5.4  usb_flush_in
0    150   2   10   344  6.1  usb_put_packet
0    242   3    9   914  5.0  usb_flush_out
0     60   1    3    66  2.7  usb_rx_packet_size
0     90   1    6   258  4.6  usb_stall_ep
0     88   1    6   266  4.6  usb_unstall_ep
0    106   1    5   373  6.0  usb_endpoint_stalled
0     22   0    1    94  2.7  usb_set_address
0    482   5   12  1774 10.4  usb_set_configured
0     96   1    5   199  3.2  usb_disable_endpoint
0     22   0    1    99  3.0  usb_disable_endpoints
0      4   0    0    61  4.0  usb_clear_trn
0    114   1    2   662  6.8  usb_isr
0      6   0    0    43  2.0  usb_isr_sof
0     42   0    0   357  4.2  usb_isr_rst
0     32   0    0   508  4.0  usb_init_ep0_setup
0      8   0    0    74  2.8  usb_isr_uerr
0     10   0    0    82  2.8  usb_isr_uidle
0     16   0    0   102  3.3  usb_isr_activity
0     14   0    0   151  3.9  usb_isr_stall
0      6   0    1    30  1.7  usb_request_send_response
0      6   0    0    22  1.2  usb_request_get_data
0      4   0    0    22  1.2  usb_request_stall
0    202   2    2  3362  9.3  usb_isr_tok_dne
0      8   0    0    29  1.9  usb_enumerated
0     44   0    3   273  4.0  usb_token_reset
0     86   1    3   274  5.9  usb_endpoint_is_valid
0     34   0    1   212  3.1  usb_isr_tok_in_dne
0     18   0    1   115  2.5  usb_isr_tok_out_dne
0     50   1    0   375  6.4  usb_isr_tok_setup_dne
0    170   2    0  1454  8.3  usb_isr_tkn_setup_StandardDevice
0    150   2    3   933  7.7  usb_isr_tkn_setup_StandardInterface
0     94   1    0   753  5.8  usb_isr_tkn_setup_StandardEndpoint
0    214   2    1  1088  8.7  usb_Get_Descriptor
0     14   0    0    76  1.8  usb_finish_set_address
0    150   2    4   622  9.1  usb_copy_desc_seg_to_ep
0     90   1    0   401  6.1  usb_isr_tok_out_cdc_control_dne
0    162   2    0  1146  8.3  usb_isr_tkn_cdc
0     24   0    0   174  3.6  usb_isr_tok_out_cdc_data_dne
0      6   0    0    70  0.7  usb_isr_tok_in_cdc_data_dne
0     34   0    0   106  2.9  usb_cdc_flush_tx_buffer
0    112   1    4   280  2.3  usb_cdc_init
0     12   0    0    59  2.3  usb_cdc_get_discard
0     54   1    2   227  5.1  usb_cdc_getc
0     48   1    4   228  4.8  _usb_cdc_putc_fast_noflush
0     24   0    1    52  2.0  usb_cdc_putc_fast
0     20   0    1    80  3.1  usb_cdc_putc
0     12   0    0    27  0.9  TMR0
0    178   2    4   647  4.4  MAIN
 Inline         0             @cinit1

Program metrics:
    Functions               55
    Statements              1043
    Comments                5460
    Volume (V)              41470
    Difficulty (D)          238.8
    Effort to implement (E) 9902660
    Time to implement (T)   152 hours, 49 minutes
    Est Delivered Bugs (B)  15
    Cyclomatic Complexity   129
    Maintainability (MI)    102

 Segment     Used  Free
-----------  ----  ----
00000-00002     4  0  
00004-00006     4  0  
00008-000A0   154  0  
000A2-07FFE  4570  28036  



