
ROM used:   53 (1%)
            53 (1%) including unused fragments

            0 Average locations per line
            13 Average locations per statement

RAM used:   6 (2%) at main() level
            18 (7%) worst case

Stack used: 1/16 worst case (1 in main + 0 for interrupts)

Lines Stmts  %   Files
----- ----- ---  -----
   14     4 100  2.c
  581     0   0  C:\Program Files\PICC\devices\16F1508.h
----- -----
  595     4 Total

Page ROM  %  RAM   Vol Diff  Functions:
---- --- --- ---   --- ----  ----------
0     23  43   1             @delay_ms1
0     27  51   1    48  1.4  main
 Inline        0             @cinit1

Program metrics:
    Functions               1
    Statements              4
    Comments                112
    Volume (V)              52
    Difficulty (D)          1.1
    Effort to implement (E) 58
    Time to implement (T)   0 minutes
    Est Delivered Bugs (B)  0
    Cyclomatic Complexity   1
    Maintainability (MI)    96

 Segment     Used  Free
-----------  ----  ----
00000-00002     3  0  
00003-007FF    50  1995  
00800-00FFF     0  2048  



