>>> Warning 215 "C:\Program Files\PICC\Drivers\tcpip\TCPIP Stack\TCPIP.h" Line 131(8,33): Undefined identifier
>>> Warning 215 "C:\Program Files\PICC\Drivers\tcpip\TCPIP Stack\TCPIP.h" Line 132(8,31): Undefined identifier
>>> Warning 215 "C:\Program Files\PICC\Drivers\tcpip\TCPIP Stack\TCPIP.h" Line 133(8,35): Undefined identifier
>>> Warning 203 "C:\Program Files\PICC\Drivers\tcpip\StackTsk.c" Line 344(1,1): Condition always TRUE
>>> Warning 203 "C:\Program Files\PICC\Drivers\tcpip\Helpers.c" Line 245(1,1): Condition always TRUE
>>> Warning 201 "C:\Program Files\PICC\Drivers\tcpip\Helpers.c" Line 454(1,1): Assignment inside relational expression
>>> Warning 201 "C:\Program Files\PICC\Drivers\tcpip\Helpers.c" Line 551(1,1): Assignment inside relational expression
>>> Warning 207 "C:\Program Files\PICC\Drivers\tcpip\Helpers.c" Line 1469(1,1): Code has no effect
>>> Warning 224 "C:\Program Files\PICC\Drivers\tcpip\DHCP.c" Line 963(27,66): #warning   this wasn't working with old compilers
>>> Warning 224 "C:\Program Files\PICC\Drivers\tcpip\DHCP.c" Line 991(30,69): #warning   this wasn't working with old compilers
>>> Warning 224 "C:\Program Files\PICC\Drivers\tcpip\DHCP.c" Line 1134(15,44): #warning   not working in old compilers
>>> Warning 235 "C:\Program Files\PICC\Drivers\tcpip\TCP.c" Line 239(20,25): Unknown Pragma
>>> Warning 235 "C:\Program Files\PICC\Drivers\tcpip\TCP.c" Line 243(20,25): Unknown Pragma
>>> Warning 235 "C:\Program Files\PICC\Drivers\tcpip\TCP.c" Line 251(20,25): Unknown Pragma
>>> Warning 235 "C:\Program Files\PICC\Drivers\tcpip\TCP.c" Line 255(0,5): Unknown Pragma
>>> Warning 203 "C:\Program Files\PICC\Drivers\tcpip\TCP.c" Line 455(1,1): Condition always TRUE
>>> Warning 203 "C:\Program Files\PICC\Drivers\tcpip\TCP.c" Line 2015(1,1): Condition always TRUE
>>> Warning 203 "C:\Program Files\PICC\Drivers\tcpip\TCP.c" Line 2191(1,1): Condition always TRUE
>>> Warning 201 "C:\Program Files\PICC\Drivers\tcpip\ccs_HTTP.c" Line 175(1,1): Assignment inside relational expression
>>> Warning 203 "C:\Program Files\PICC\Drivers\tcpip\ccs_HTTP.c" Line 200(1,1): Condition always TRUE
>>> Warning 203 "C:\Program Files\PICC\Drivers\tcpip\ccs_HTTP.c" Line 356(1,1): Condition always TRUE
>>> Warning 203 "C:\Program Files\PICC\Drivers\tcpip\ccs_HTTP.c" Line 584(1,1): Condition always TRUE
>>> Warning 203 "C:\Program Files\PICC\Drivers\tcpip\ccs_HTTP.c" Line 611(1,1): Condition always TRUE
>>> Warning 201 "C:\Program Files\PICC\Drivers\tcpip\ccs_HTTP.c" Line 702(1,1): Assignment inside relational expression
*** Error 12 "C:\Program Files\PICC\Drivers\ee.c" Line 121(31,32): Undefined identifier  -- read_ext_eeprom_buf
*** Error 12 "C:\Program Files\PICC\Drivers\ee.c" Line 133(30,31): Undefined identifier  -- write_ext_eeprom_buf
*** Error 12 "C:\Program Files\PICC\Drivers\ee.c" Line 145(31,32): Undefined identifier  -- read_ext_eeprom_buf
*** Error 12 "C:\Program Files\PICC\Drivers\ee.c" Line 171(41,42): Undefined identifier  -- write_ext_eeprom_buf
*** Error 12 "C:\Program Files\PICC\Drivers\ee.c" Line 177(39,40): Undefined identifier  -- read_ext_eeprom_buf
*** Error 12 "C:\Program Files\PICC\Drivers\ee.c" Line 184(39,40): Undefined identifier  -- read_ext_eeprom_buf
*** Error 12 "C:\Program Files\PICC\Drivers\ee.c" Line 190(40,41): Undefined identifier  -- write_ext_eeprom_buf
*** Error 12 "C:\Program Files\PICC\Drivers\ee.c" Line 195(40,41): Undefined identifier  -- write_ext_eeprom_buf
*** Error 12 "C:\Program Files\PICC\Drivers\ee.c" Line 203(56,57): Undefined identifier  -- write_ext_eeprom_buf
*** Error 12 "C:\Program Files\PICC\Drivers\ee.c" Line 206(51,52): Undefined identifier  -- write_ext_eeprom_buf
*** Error 12 "C:\Program Files\PICC\Drivers\ee.c" Line 209(58,59): Undefined identifier  -- write_ext_eeprom_buf
*** Error 12 "C:\Program Files\PICC\Drivers\ee.c" Line 212(54,55): Undefined identifier  -- write_ext_eeprom_buf
*** Error 12 "C:\Program Files\PICC\Drivers\ee.c" Line 215(49,50): Undefined identifier  -- write_ext_eeprom_buf
*** Error 12 "C:\Program Files\PICC\Drivers\ee.c" Line 220(54,55): Undefined identifier  -- write_ext_eeprom_buf
*** Error 12 "C:\Program Files\PICC\Drivers\ee.c" Line 223(58,59): Undefined identifier  -- write_ext_eeprom_buf
*** Error 12 "C:\Program Files\PICC\Drivers\ee.c" Line 226(58,59): Undefined identifier  -- write_ext_eeprom_buf
*** Error 12 "C:\Program Files\PICC\Drivers\ee.c" Line 229(69,70): Undefined identifier  -- write_ext_eeprom_buf
*** Error 12 "C:\Program Files\PICC\Drivers\ee.c" Line 232(43,44): Undefined identifier  -- write_ext_eeprom_buf
*** Error 12 "C:\Program Files\PICC\Drivers\ee.c" Line 235(47,48): Undefined identifier  -- write_ext_eeprom_buf
*** Error 12 "C:\Program Files\PICC\Drivers\ee.c" Line 238(53,54): Undefined identifier  -- write_ext_eeprom_buf
*** Error 12 "C:\Program Files\PICC\Drivers\ee.c" Line 241(47,48): Undefined identifier  -- write_ext_eeprom_buf
*** Error 12 "C:\Program Files\PICC\Drivers\ee.c" Line 244(55,56): Undefined identifier  -- write_ext_eeprom_buf
*** Error 12 "C:\Program Files\PICC\Drivers\ee.c" Line 247(50,51): Undefined identifier  -- write_ext_eeprom_buf
*** Error 12 "C:\Program Files\PICC\Drivers\ee.c" Line 288(70,71): Undefined identifier  -- read_ext_eeprom_buf
*** Error 12 "C:\Program Files\PICC\Drivers\ee.c" Line 289(64,65): Undefined identifier  -- read_ext_eeprom_buf
*** Error 12 "C:\Program Files\PICC\Drivers\ee.c" Line 290(67,68): Undefined identifier  -- read_ext_eeprom_buf
*** Error 12 "C:\Program Files\PICC\Drivers\ee.c" Line 291(67,68): Undefined identifier  -- read_ext_eeprom_buf
*** Error 12 "C:\Program Files\PICC\Drivers\ee.c" Line 292(69,70): Undefined identifier  -- read_ext_eeprom_buf
*** Error 12 "C:\Program Files\PICC\Drivers\ee.c" Line 293(71,72): Undefined identifier  -- read_ext_eeprom_buf
*** Error 12 "C:\Program Files\PICC\Drivers\ccsui.c" Line 388(38,39): Undefined identifier  -- read_ext_eeprom_buf
*** Error 12 "C:\Program Files\PICC\Drivers\ccsui.c" Line 393(42,43): Undefined identifier  -- write_ext_eeprom_buf
      31 Errors,  24 Warnings.
Build Failed.
